<?xml version="1.0" encoding="UTF-8"?>
<testng-results ignored="0" total="1" passed="1" failed="0" skipped="0">
  <reporter-output>
  </reporter-output>
  <suite started-at="2020-10-22T10:05:55Z" name="Default suite" finished-at="2020-10-22T10:07:08Z" duration-ms="72975">
    <groups>
      <group name="cucumber">
        <method signature="TestRunner.runFeature(cucumber.api.testng.CucumberFeatureWrapper)[pri:0, instance:Utility.TestRunner@4b0d79fc]" name="runFeature" class="Utility.TestRunner"/>
      </group> <!-- cucumber -->
    </groups>
    <test started-at="2020-10-22T10:05:55Z" name="Default test" finished-at="2020-10-22T10:07:08Z" duration-ms="72975">
      <class name="Utility.TestRunner">
        <test-method is-config="true" signature="setup()[pri:0, instance:Utility.TestRunner@4b0d79fc]" started-at="2020-10-22T10:05:55Z" name="setup" finished-at="2020-10-22T10:05:56Z" duration-ms="1035" status="PASS">
          <reporter-output>
          </reporter-output>
        </test-method> <!-- setup -->
        <test-method signature="runFeature(cucumber.api.testng.CucumberFeatureWrapper)[pri:0, instance:Utility.TestRunner@4b0d79fc]" started-at="2020-10-22T10:05:57Z" name="runFeature" data-provider="getFeatures" finished-at="2020-10-22T10:07:08Z" duration-ms="71413" status="PASS">
          <params>
            <param index="0">
              <value>
                <![CDATA[Google Page Test]]>
              </value>
            </param>
          </params>
          <reporter-output>
          </reporter-output>
        </test-method> <!-- runFeature -->
      </class> <!-- Utility.TestRunner -->
    </test> <!-- Default test -->
  </suite> <!-- Default suite -->
</testng-results>
